2013-07-18 15:53:59.823 MadmucFarm[25848:c07] user name is: 
2013-07-18 15:53:59.825 MadmucFarm[25848:c07] password is: 
2013-07-18 15:53:59.827 MadmucFarm[25848:c07] userName is : 
2013-07-18 15:54:02.306 MadmucFarm[25848:c07] Farm Name is: Kernen

Unhandled Exception:
0   MadmucFarm                          0x0007a2de mono_handle_exception_internal_first_pass + 2190
1   MadmucFarm                          0x0007bd12 mono_handle_exception_internal + 1602
2   MadmucFarm                          0x0007c85f mono_handle_exception + 47
3   MadmucFarm                          0x000bd142 mono_x86_throw_exception + 306
4   ???                                 0x0b473f8f 0x0 + 189218703
at MadmucFarm.SoilTest.ViewDidLoad () <0x001cc>
at (wrapper runtime-invoke) object.runtime_invoke_void__this__ (object,intptr,intptr,intptr) <0x00071>
7   MadmucFarm                          0x00009752 mono_jit_runtime_invoke + 722
8   MadmucFarm                          0x0014fa4e mono_runtime_invoke + 126
9   MadmucFarm                          0x001e1bf6 monotouch_trampoline + 3686
10  UIKit                               0x012e11c7 -[UIViewController loadViewIfRequired] + 536
11  UIKit                               0x012e1232 -[UIViewController view] + 33
12  UIKit                               0x012e14da -[UIViewController contentScrollView] + 36
13  UIKit                               0x012f88e5 -[UINavigationController _computeAndApplyScrollContentInsetDeltaForViewController:] + 36
14  UIKit                               0x012f89cb -[UINavigationController _layoutViewController:] + 43
15  UIKit                               0x012f8c76 -[UINavigationController _updateScrollViewFromViewController:toViewController:] + 254
16  UIKit                               0x012f8d71 -[UINavigationController _startTransition:fromViewController:toViewController:] + 72
17  UIKit                               0x012f989b -[UINavigationController _startDeferredTransitionIfNeeded:] + 386
18  UIKit                               0x012f9e93 -[UINavigationController pushViewController:transition:forceImmediate:] + 1030
19  UIKit                               0x012f9a88 -[UINavigationController pushViewController:animated:] + 62
at (wrapper managed-to-native) MonoTouch.ObjCRuntime.Messaging.void_objc_msgSend_IntPtr_bool (intptr,intptr,intptr,bool) <0x00040>
at MonoTouch.UIKit.UINavigationController.PushViewController (MonoTouch.UIKit.UIViewController,bool) <0x00054>
at MadmucFarm.Selection/<Selection>c__AnonStorey2.<>m__7 () <0x0006c>
at MonoTouch.Dialog.StringElement.Selected (MonoTouch.Dialog.DialogViewController,MonoTouch.UIKit.UITableView,MonoTouch.Foundation.NSIndexPath) <0x00020>
at MonoTouch.Dialog.DialogViewController.Selected (MonoTouch.Foundation.NSIndexPath) <0x0007a>
at MonoTouch.Dialog.DialogViewController/Source.RowSelected (MonoTouch.UIKit.UITableView,MonoTouch.Foundation.NSIndexPath) <0x0003b>
at (wrapper runtime-invoke) <Module>.runtime_invoke_void__this___object_object (object,intptr,intptr,intptr) <0x00087>
27  MadmucFarm                          0x00009752 mono_jit_runtime_invoke + 722
28  MadmucFarm                          0x0014fa4e mono_runtime_invoke + 126
29  MadmucFarm                          0x001e1bf6 monotouch_trampoline + 3686
30  UIKit                               0x012af285 -[UITableView _selectRowAtIndexPath:animated:scrollPosition:notifyDelegate:] + 1194
31  UIKit                               0x012af4ed -[UITableView _userSelectRowAtPendingSelectionIndexPath:] + 201
32  Foundation                          0x005835b3 __NSFireDelayedPerform + 380
33  CoreFoundation                      0x03e60376 __CFRUNLOOP_IS_CALLING_OUT_TO_A_TIMER_CALLBACK_FUNCTION__ + 22
34  CoreFoundation                      0x03e5fe06 __CFRunLoopDoTimer + 534
35  CoreFoundation                      0x03e47a82 __CFRunLoopRun + 1810
36  CoreFoundation                      0x03e46f44 CFRunLoopRunSpecific + 276
37  CoreFoundation                      0x03e46e1b CFRunLoopRunInMode + 123
38  GraphicsServices                    0x04a4c7e3 GSEventRunModal + 88
39  GraphicsServices                    0x04a4c668 GSEventRun + 104
40  UIKit                               0x011ffffc UIApplicationMain + 1211
at (wrapper managed-to-native) MonoTouch.UIKit.UIApplication.UIApplicationMain (int,string[],intptr,intptr) <0x000a4>
at MonoTouch.UIKit.UIApplication.Main (string[],string,string) <0x000c8>
at MadmucFarm.Application.Main (string[]) <0x00018>
at (wrapper runtime-invoke) <Module>.runtime_invoke_void_object (object,intptr,intptr,intptr) <0x00077>
45  MadmucFarm                          0x00009752 mono_jit_runtime_invoke + 722
46  MadmucFarm                          0x0014fa4e mono_runtime_invoke + 126
47  MadmucFarm                          0x00153b74 mono_runtime_exec_main + 420
48  MadmucFarm                          0x001586a5 mono_runtime_run_main + 725
49  MadmucFarm                          0x00065ca5 mono_jit_exec + 149
50  MadmucFarm                          0x001db984 main + 1604
51  MadmucFarm                          0x00003205 start + 53

2013-07-18 15:54:12.260 MadmucFarm[25848:c07] Unhandled managed exception: Operation is not valid due to the current state of the object (System.InvalidOperationException)
  at System.Linq.Enumerable.Last[SoilTestData] (IEnumerable`1 source) [0x00000] in <filename unknown>:0 
  at MadmucFarm.SoilTest.ViewDidLoad () [0x00000] in <filename unknown>:0 
  at (wrapper managed-to-native) MonoTouch.ObjCRuntime.Messaging:void_objc_msgSend_IntPtr_bool (intptr,intptr,intptr,bool)
  at MonoTouch.UIKit.UINavigationController.PushViewController (MonoTouch.UIKit.UIViewController viewController, Boolean animated) [0x00000] in <filename unknown>:0 
  at MadmucFarm.Selection+<Selection>c__AnonStorey2.<>m__7 () [0x00000] in <filename unknown>:0 
  at MonoTouch.Dialog.StringElement.Selected (MonoTouch.Dialog.DialogViewController dvc, MonoTouch.UIKit.UITableView tableView, MonoTouch.Foundation.NSIndexPath indexPath) [0x00000] in <filename unknown>:0 
  at MonoTouch.Dialog.DialogViewController.Selected (MonoTouch.Foundation.NSIndexPath indexPath) [0x00000] in <filename unknown>:0 
  at MonoTouch.Dialog.DialogViewController+Source.RowSelected (MonoTouch.UIKit.UITableView tableView, MonoTouch.Foundation.NSIndexPath indexPath) [0x00000] in <filename unknown>:0 
  at (wrapper managed-to-native) MonoTouch.UIKit.UIApplication:UIApplicationMain (int,string[],intptr,intptr)
  at MonoTouch.UIKit.UIApplication.Main (System.String[] args, System.String principalClassName, System.String delegateClassName) [0x00000] in <filename unknown>:0 
  at MadmucFarm.Application.Main (System.String[] args) [0x00000] in <filename unknown>:0 
Stacktrace:


Native stacktrace:

	0   MadmucFarm                          0x0007ca9c mono_handle_native_sigsegv + 284
	1   MadmucFarm                          0x000c04cd sigabrt_signal_handler + 109
	2   libsystem_c.dylib                   0x932c78cb _sigtramp + 43
	3   ???                                 0xffffffff 0x0 + 4294967295
	4   libsystem_sim_c.dylib               0x047e757b abort + 140
	5   MadmucFarm                          0x001e8aab monotouch_unhandled_exception_handler + 283
	6   MadmucFarm                          0x000788ec mono_invoke_unhandled_exception_hook + 140
	7   MadmucFarm                          0x0007c70a mono_handle_exception_internal + 4154
	8   MadmucFarm                          0x0007c85f mono_handle_exception + 47
	9   MadmucFarm                          0x000bd142 mono_x86_throw_exception + 306
	10  ???                                 0x0b473f8f 0x0 + 189218703
	11  ???                                 0x18768b1c 0x0 + 410422044
	12  ???                                 0x0b4d2821 0x0 + 189605921
	13  MadmucFarm                          0x00009752 mono_jit_runtime_invoke + 722
	14  MadmucFarm                          0x0014fa4e mono_runtime_invoke + 126
	15  MadmucFarm                          0x001e1bf6 monotouch_trampoline + 3686
	16  UIKit                               0x012e11c7 -[UIViewController loadViewIfRequired] + 536
	17  UIKit                               0x012e1232 -[UIViewController view] + 33
	18  UIKit                               0x012e14da -[UIViewController contentScrollView] + 36
	19  UIKit                               0x012f88e5 -[UINavigationController _computeAndApplyScrollContentInsetDeltaForViewController:] + 36
	20  UIKit                               0x012f89cb -[UINavigationController _layoutViewController:] + 43
	21  UIKit                               0x012f8c76 -[UINavigationController _updateScrollViewFromViewController:toViewController:] + 254
	22  UIKit                               0x012f8d71 -[UINavigationController _startTransition:fromViewController:toViewController:] + 72
	23  UIKit                               0x012f989b -[UINavigationController _startDeferredTransitionIfNeeded:] + 386
	24  UIKit                               0x012f9e93 -[UINavigationController pushViewController:transition:forceImmediate:] + 1030
	25  UIKit                               0x012f9a88 -[UINavigationController pushViewController:animated:] + 62
	26  ???                                 0x0ef904a0 0x0 + 251200672
	27  ???                                 0x0ef903b4 0x0 + 251200436
	28  ???                                 0x1876874c 0x0 + 410421068
	29  ???                                 0x0ef9cb58 0x0 + 251251544
	30  ???                                 0x0ef9cb2a 0x0 + 251251498
	31  ???                                 0x0ef9ca03 0x0 + 251251203
	32  ???                                 0x0ef9ca97 0x0 + 251251351
	33  MadmucFarm                          0x00009752 mono_jit_runtime_invoke + 722
	34  MadmucFarm                          0x0014fa4e mono_runtime_invoke + 126
	35  MadmucFarm                          0x001e1bf6 monotouch_trampoline + 3686
	36  UIKit                               0x012af285 -[UITableView _selectRowAtIndexPath:animated:scrollPosition:notifyDelegate:] + 1194
	37  UIKit                               0x012af4ed -[UITableView _userSelectRowAtPendingSelectionIndexPath:] + 201
	38  Foundation                          0x005835b3 __NSFireDelayedPerform + 380
	39  CoreFoundation                      0x03e60376 __CFRUNLOOP_IS_CALLING_OUT_TO_A_TIMER_CALLBACK_FUNCTION__ + 22
	40  CoreFoundation                      0x03e5fe06 __CFRunLoopDoTimer + 534
	41  CoreFoundation                      0x03e47a82 __CFRunLoopRun + 1810
	42  CoreFoundation                      0x03e46f44 CFRunLoopRunSpecific + 276
	43  CoreFoundation                      0x03e46e1b CFRunLoopRunInMode + 123
	44  GraphicsServices                    0x04a4c7e3 GSEventRunModal + 88
	45  GraphicsServices                    0x04a4c668 GSEventRun + 104
	46  UIKit                               0x011ffffc UIApplicationMain + 1211
	47  ???                                 0x0e752c1c 0x0 + 242560028
	48  ???                                 0x0e751b88 0x0 + 242555784
	49  ???                                 0x0e7519e0 0x0 + 242555360
	50  ???                                 0x0e751a6f 0x0 + 242555503
	51  MadmucFarm                          0x00009752 mono_jit_runtime_invoke + 722
	52  MadmucFarm                          0x0014fa4e mono_runtime_invoke + 126
	53  MadmucFarm                          0x00153b74 mono_runtime_exec_main + 420
	54  MadmucFarm                          0x001586a5 mono_runtime_run_main + 725
	55  MadmucFarm                          0x00065ca5 mono_jit_exec + 149
	56  MadmucFarm                          0x001db984 main + 1604
	57  MadmucFarm                          0x00003205 start + 53

=================================================================
Got a SIGABRT while executing native code. This usually indicates
a fatal error in the mono runtime or one of the native libraries 
used by your application.
=================================================================

